2022-12-10 11:49:51 [index.js] info: [object Object]
2022-12-10 11:55:10 [index.js] info: {"username":"jijeena","password_hash":"VTJGc2RHVmtYMS9neWRlOStudVlwTDg4NTNxM3F3SW9RZzZVV05VVXhCRT0=","firstname":"Jeena","lastname":"Atitada","address":"corporate","post_number":"10110","email":"test@gmail.com","auth_key":"VTJGc2RHVmtYMThtWGozcnZjVitzaGV5SHNVeXg4cjNVVmF4SXRvSHJiNG4rSnpFY0Evei8wSHJMY3Fzc3ZFag==","created_by":1000,"created_at":1670648110598,"updated_by":1000,"updated_at":1670648110598}
2022-12-10 11:55:10 [index.js] info: false
2022-12-10 11:56:43 [index.js] info: {"username":"jijeena","password_hash":"VTJGc2RHVmtYMTgxQUNoWXY5NlRlWVFBTFdZaTlHTWY0dnhXd1FsTW5nMD0=","firstname":"Jeena","lastname":"Atitada","address":"corporate","post_number":"10110","email":"test@gmail.com","auth_key":"VTJGc2RHVmtYMThJN0FpWThDczlNWXcxcnUzalgyWnRjV2tRV29jVUx1TDVTK3hrUnhpQ1lwYlU5YjNtMnNKZA==","created_by":1000,"created_at":1670648203333,"updated_by":1000,"updated_at":1670648203333}
2022-12-10 11:56:43 [index.js] info: false
2022-12-10 11:58:34 [index.js] info: {"username":"jijeena","password_hash":"VTJGc2RHVmtYMS9QVXdUTjBIcEN2SWRTOVMrMmh0cjlJLzk4THdDYVBYND0=","firstname":"Jeena","lastname":"Atitada","address":"corporate","post_number":10110,"email":"test@gmail.com","auth_key":"VTJGc2RHVmtYMTgxOEJBU0FCcUNLMkRJd2RtWjJXQUdsWkxvVWc0Z3ZYRW9TYTlibkpHKzBCbm1MQis1dWFvMw==","created_by":1000,"created_at":1670648314662,"updated_by":1000,"updated_at":1670648314662}
2022-12-10 11:58:34 [index.js] info: INSERT INTO user (username, password_hash, firstname, lastname, address, post_number, email, auth_key, created_by, created_at, updated_by, updated_at) VALUES ('jijeena', 'VTJGc2RHVmtYMS9QVXdUTjBIcEN2SWRTOVMrMmh0cjlJLzk4THdDYVBYND0=', 'Jeena', 'Atitada', 'corporate', 10110, 'test@gmail.com', 'VTJGc2RHVmtYMTgxOEJBU0FCcUNLMkRJd2RtWjJXQUdsWkxvVWc0Z3ZYRW9TYTlibkpHKzBCbm1MQis1dWFvMw==', 1000, 1670648314662, 1000, 1670648314662)
2022-12-10 11:58:34 [index.js] info: false
2022-12-10 12:02:36 [index.js] info: {"username":"jijeena","password_hash":"VTJGc2RHVmtYMStWY1prM09GUkdyQTZLNVAvMjd2WVV1WHJ5eUFCZDJkST0=","firstname":"Jeena","lastname":"Atitada","address":"corporate","post_number":10110,"email":"test@gmail.com","auth_key":"VTJGc2RHVmtYMS8vbTVTa3N0d0JsRDJ6aCt6SkZOUmhFQlN2blkrbXB5eEF5YUJYM2xuU3VBTTFENks1blg5cg==","created_by":1000,"created_at":1670648556914,"updated_by":1000,"updated_at":1670648556914}
2022-12-10 12:02:36 [index.js] info: INSERT INTO [user] (username, password_hash, firstname, lastname, address, post_number, email, auth_key, created_by, created_at, updated_by, updated_at) VALUES ('jijeena', 'VTJGc2RHVmtYMStWY1prM09GUkdyQTZLNVAvMjd2WVV1WHJ5eUFCZDJkST0=', 'Jeena', 'Atitada', 'corporate', 10110, 'test@gmail.com', 'VTJGc2RHVmtYMS8vbTVTa3N0d0JsRDJ6aCt6SkZOUmhFQlN2blkrbXB5eEF5YUJYM2xuU3VBTTFENks1blg5cg==', 1000, 1670648556914, 1000, 1670648556914)
2022-12-10 12:02:37 [index.js] info: false
2022-12-10 12:04:12 [index.js] info: {"username":"jijeena","password_hash":"VTJGc2RHVmtYMSsxVGlYQ1JYYlpGc2J1Ym1iYTZkSGMwRjV0QzY5VUprVT0=","firstname":"Jeena","lastname":"Atitada","address":"corporate","post_number":10110,"email":"test@gmail.com","auth_key":"VTJGc2RHVmtYMThPaUpUYTJ0bXFQZkhaYm5xbzhYcTBsWUtBemJINzJPcVZaNTRWTmUyN1RkTTRnL2grak1BbQ==","created_by":"1000","created_at":1670648652372,"updated_by":"1000","updated_at":1670648652372}
2022-12-10 12:04:12 [index.js] info: INSERT INTO [user] (username, password_hash, firstname, lastname, address, post_number, email, auth_key, created_by, created_at, updated_by, updated_at) VALUES ('jijeena', 'VTJGc2RHVmtYMSsxVGlYQ1JYYlpGc2J1Ym1iYTZkSGMwRjV0QzY5VUprVT0=', 'Jeena', 'Atitada', 'corporate', 10110, 'test@gmail.com', 'VTJGc2RHVmtYMThPaUpUYTJ0bXFQZkhaYm5xbzhYcTBsWUtBemJINzJPcVZaNTRWTmUyN1RkTTRnL2grak1BbQ==', '1000', 1670648652372, '1000', 1670648652372)
2022-12-10 12:04:12 [index.js] info: false
2022-12-10 12:06:25 [index.js] info: {"username":"jijeena","password_hash":"VTJGc2RHVmtYMSt6Z1lwRWlNeTNGRmdER0thRGRFZS9PZW02cFFYMUhTbz0=","auth_key":"VTJGc2RHVmtYMSs4akVDYndFaDhKOWIrY2NyTnhmV0JjNU1Cc2tCWVp1eDBCMVNNbHd5MXdPVUlpQXZwYnR4Mw=="}
2022-12-10 12:06:25 [index.js] info: INSERT INTO [user] (username, password_hash, auth_key) VALUES ('jijeena', 'VTJGc2RHVmtYMSt6Z1lwRWlNeTNGRmdER0thRGRFZS9PZW02cFFYMUhTbz0=', 'VTJGc2RHVmtYMSs4akVDYndFaDhKOWIrY2NyTnhmV0JjNU1Cc2tCWVp1eDBCMVNNbHd5MXdPVUlpQXZwYnR4Mw==')
2022-12-10 12:06:25 [index.js] info: false
2022-12-10 12:08:00 [index.js] info: {"username":"jijeena","password_hash":"VTJGc2RHVmtYMStBOHREczZQSEk4T29PUXhsODJtNC8wTzNuazNzUG5nUT0=","firstname":"Jeena","lastname":"Atitada","address":"corporate","post_number":10110,"email":"test@gmail.com","auth_key":"VTJGc2RHVmtYMTluWk9LVGxzdmx3RWJpZDRPSjRncGRkVkxCMSt0ZEhaekViY3FlRDN1eEtXRVZEZzN3NVNSRw==","created_by":"1000","created_at":1670648880688,"updated_by":"1000","updated_at":1670648880688}
2022-12-10 12:08:00 [index.js] info: INSERT INTO [user] (username, password_hash, firstname, lastname, address, post_number, email, auth_key, created_by, created_at, updated_by, updated_at) VALUES ('jijeena', 'VTJGc2RHVmtYMStBOHREczZQSEk4T29PUXhsODJtNC8wTzNuazNzUG5nUT0=', 'Jeena', 'Atitada', 'corporate', 10110, 'test@gmail.com', 'VTJGc2RHVmtYMTluWk9LVGxzdmx3RWJpZDRPSjRncGRkVkxCMSt0ZEhaekViY3FlRDN1eEtXRVZEZzN3NVNSRw==', '1000', 1670648880688, '1000', 1670648880688)
2022-12-10 12:08:00 [index.js] info: false
2022-12-10 12:23:54 [index.js] info: {"username":"jijeena","password_hash":"VTJGc2RHVmtYMS9vQm5iM1N4dUt0b01NT0Q4a1NwUjBodTVTaE9FU0Y1MD0=","firstname":"Jeena","lastname":"Atitada","address":"corporate","post_number":10110,"email":"test@gmail.com","auth_key":"VTJGc2RHVmtYMTgxOXhJTmtxeTBlMGlOek5ROGZ2aUIySzMrSU54cWQzMWZEWnNka3hyVUZaYXVONFYwQmxlMQ==","created_by":"1000","created_at":"2022-12-10 12:23:54.218","updated_by":"1000","updated_at":"2022-12-10 12:23:54.218"}
2022-12-10 12:23:54 [index.js] info: INSERT INTO [user] (username, password_hash, firstname, lastname, address, post_number, email, auth_key, created_by, created_at, updated_by, updated_at) VALUES ('jijeena', 'VTJGc2RHVmtYMS9vQm5iM1N4dUt0b01NT0Q4a1NwUjBodTVTaE9FU0Y1MD0=', 'Jeena', 'Atitada', 'corporate', 10110, 'test@gmail.com', 'VTJGc2RHVmtYMTgxOXhJTmtxeTBlMGlOek5ROGZ2aUIySzMrSU54cWQzMWZEWnNka3hyVUZaYXVONFYwQmxlMQ==', '1000', '2022-12-10 12:23:54.218', '1000', '2022-12-10 12:23:54.218')
2022-12-10 12:23:54 [index.js] info: false
2022-12-10 12:30:12 [index.js] info: undefined
2022-12-10 12:30:54 [index.js] info: undefined
2022-12-10 12:31:41 [index.js] info: undefined
2022-12-10 12:33:13 [index.js] info: {"id":3,"username":"jijeena","password_hash":"VTJGc2RHVmtYMS9vQm5iM1N4dUt0b01NT0Q4a1NwUjBodTVTaE9FU0Y1MD0=","firstname":"Jeena","lastname":"Atitada","auth_key":"VTJGc2RHVmtYMTgxOXhJTmtxeTBlMGlOek5ROGZ2aUIySzMrSU54cWQzMWZEWnNka3hyVUZaYXVONFYwQmxlMQ==","created_by":"1000","created_date":"2022-12-10T12:23:54.217Z","updated_by":"1000","updated_date":"2022-12-10T12:23:54.217Z","address":"corporate","post_number":"10110","email":"test@gmail.com"}
2022-12-10 12:37:14 [index.js] info: {"username":"jijeena","password_hash":"VTJGc2RHVmtYMSs1eGxWSHhPcGxDaWhKOGtScTAvamZ0ek9aTXpIWHcrRT0=","firstname":"Jeena","lastname":"Atitada","address":"corporate","post_number":10110,"email":"test@gmail.com","auth_key":"VTJGc2RHVmtYMS9na3JLd3UvV2hGVWpjYU9wc1VRRWQ5VzNhSk9NVVo0K3hoQXFVN3kvVWhsSjVISmVDYXA5Ug==","created_by":"1000","created_date":"2022-12-10 12:37:14.084","updated_by":"1000","updated_date":"2022-12-10 12:37:14.084"}
2022-12-10 12:37:14 [index.js] info: INSERT INTO [user] (username, password_hash, firstname, lastname, address, post_number, email, auth_key, created_by, created_date, updated_by, updated_date) VALUES ('jijeena', 'VTJGc2RHVmtYMSs1eGxWSHhPcGxDaWhKOGtScTAvamZ0ek9aTXpIWHcrRT0=', 'Jeena', 'Atitada', 'corporate', 10110, 'test@gmail.com', 'VTJGc2RHVmtYMS9na3JLd3UvV2hGVWpjYU9wc1VRRWQ5VzNhSk9NVVo0K3hoQXFVN3kvVWhsSjVISmVDYXA5Ug==', '1000', '2022-12-10 12:37:14.084', '1000', '2022-12-10 12:37:14.084')
2022-12-10 12:37:14 [index.js] info: false
2022-12-10 12:40:44 [index.js] info: {"username":"jijeena","password_hash":"VTJGc2RHVmtYMTljcWkzTUZUUXkwVStDeTJIUDZ6QWc4ajFsYklGeVIvMD0=","firstname":"Jeena","lastname":"Atitada","address":"corporate","post_number":10110,"email":"test@gmail.com","auth_key":"VTJGc2RHVmtYMStGb25zTEVrN0FobVJiek5qUHdCdXZmZy9HNjdjQlNBakFRVCsvdHVWamZ0bEN4Vmt5blF5Wg==","created_by":"1000","created_date":"2022-12-10 12:40:44.828","updated_by":"1000","updated_date":"2022-12-10 12:40:44.828"}
2022-12-10 12:40:44 [index.js] info: INSERT INTO [user] (username, password_hash, firstname, lastname, address, post_number, email, auth_key, created_by, created_date, updated_by, updated_date) VALUES ('jijeena', 'VTJGc2RHVmtYMTljcWkzTUZUUXkwVStDeTJIUDZ6QWc4ajFsYklGeVIvMD0=', 'Jeena', 'Atitada', 'corporate', 10110, 'test@gmail.com', 'VTJGc2RHVmtYMStGb25zTEVrN0FobVJiek5qUHdCdXZmZy9HNjdjQlNBakFRVCsvdHVWamZ0bEN4Vmt5blF5Wg==', '1000', '2022-12-10 12:40:44.828', '1000', '2022-12-10 12:40:44.828')
2022-12-10 12:40:44 [index.js] info: false
2022-12-10 13:00:27 [index.js] info: {"username":"jijeena","password_hash":"U2FsdGVkX1/3GaGE+93ayoC6P+arquubHL/PlBegv44=","firstname":"Jeena","lastname":"Atitada","address":"corporate","post_number":10110,"email":"test@gmail.com","auth_key":"U2FsdGVkX1/8gjPeEr23bThM4eqmVPUQuqEUtv95IHD+SGcZ3f7uYKOjwkg52OpW","created_by":"1000","created_date":"2022-12-10 13:00:27.543","updated_by":"1000","updated_date":"2022-12-10 13:00:27.543"}
2022-12-10 13:00:27 [index.js] info: INSERT INTO [user] (username, password_hash, firstname, lastname, address, post_number, email, auth_key, created_by, created_date, updated_by, updated_date) VALUES ('jijeena', 'U2FsdGVkX1/3GaGE+93ayoC6P+arquubHL/PlBegv44=', 'Jeena', 'Atitada', 'corporate', 10110, 'test@gmail.com', 'U2FsdGVkX1/8gjPeEr23bThM4eqmVPUQuqEUtv95IHD+SGcZ3f7uYKOjwkg52OpW', '1000', '2022-12-10 13:00:27.543', '1000', '2022-12-10 13:00:27.543')
2022-12-10 13:00:27 [index.js] info: false
2022-12-10 13:00:50 [index.js] info: {"username":"jijeena","password_hash":"U2FsdGVkX1+uz3mED44oIrNGNpnRDmNYwpOlNfQjpCo=","firstname":"Jeena","lastname":"Atitada","address":"corporate","post_number":10110,"email":"test@gmail.com","auth_key":"U2FsdGVkX1+GNgPLuSuP5mhiM8ChkffVLjqah9QPFV0YvnyzmK/j9HVDWhO/8uGi","created_by":"1000","created_date":"2022-12-10 13:00:50.757","updated_by":"1000","updated_date":"2022-12-10 13:00:50.757"}
2022-12-10 13:00:50 [index.js] info: INSERT INTO [user] (username, password_hash, firstname, lastname, address, post_number, email, auth_key, created_by, created_date, updated_by, updated_date) VALUES ('jijeena', 'U2FsdGVkX1+uz3mED44oIrNGNpnRDmNYwpOlNfQjpCo=', 'Jeena', 'Atitada', 'corporate', 10110, 'test@gmail.com', 'U2FsdGVkX1+GNgPLuSuP5mhiM8ChkffVLjqah9QPFV0YvnyzmK/j9HVDWhO/8uGi', '1000', '2022-12-10 13:00:50.757', '1000', '2022-12-10 13:00:50.757')
2022-12-10 13:00:51 [index.js] info: false
2022-12-10 13:00:54 [index.js] info: {"id":7,"username":"jijeena","password_hash":"U2FsdGVkX1+uz3mED44oIrNGNpnRDmNYwpOlNfQjpCo=","firstname":"Jeena","lastname":"Atitada","auth_key":"U2FsdGVkX1+GNgPLuSuP5mhiM8ChkffVLjqah9QPFV0YvnyzmK/j9HVDWhO/8uGi","created_by":"1000","created_date":"2022-12-10T13:00:50.757Z","updated_by":"1000","updated_date":"2022-12-10T13:00:50.757Z","address":"corporate","post_number":"10110","email":"test@gmail.com"}
2022-12-10 13:15:25 [index.js] info: [object Object]
2022-12-10 17:16:25 [index.js] info: INSERT INTO order (user_id, status, order_status, created_by, created_date, updated_by, updated_date) VALUES ('undefined', TRUE, 1, 'undefined', '2022-12-10 17:16:25.577', 'undefined', '2022-12-10 17:16:25.577')
2022-12-10 17:17:50 [index.js] info: INSERT INTO order (user_id, status, order_status, created_by, created_date, updated_by, updated_date) VALUES (7, TRUE, 1, 7, '2022-12-10 17:17:49.994', 7, '2022-12-10 17:17:49.994')
2022-12-10 17:21:47 [index.js] info: INSERT INTO [order] (user_id, status, order_status, created_by, created_date, updated_by, updated_date) VALUES (7, TRUE, 1, 7, '2022-12-10 17:21:47.404', 7, '2022-12-10 17:21:47.404')
2022-12-10 17:22:53 [index.js] info: INSERT INTO [order] (user_id, status, order_staus, created_by, created_date, updated_by, updated_date) VALUES (7, TRUE, 1, 7, '2022-12-10 17:22:53.161', 7, '2022-12-10 17:22:53.161')
2022-12-10 17:24:01 [index.js] info: INSERT INTO [order] (user_id, status, order_staus, created_by, created_date, updated_by, updated_date) VALUES (7, 1, 1, 7, '2022-12-10 17:24:01.853', 7, '2022-12-10 17:24:01.853')
2022-12-10 17:25:02 [index.js] info: INSERT INTO [order] (user_id, status, order_staus, created_by, created_date, updated_by, updated_date) VALUES (7, 1, 1, 7, '2022-12-10 17:25:02.178', 7, '2022-12-10 17:25:02.178')
2022-12-10 17:28:11 [index.js] info: INSERT INTO [order] (user_id, status, order_staus, created_by, created_date, updated_by, updated_date) VALUES (7, 1, 1, 7, '2022-12-10 17:28:11.430', 7, '2022-12-10 17:28:11.430')
2022-12-10 17:29:30 [index.js] info: INSERT INTO [order] (user_id, status, order_staus, created_by, created_date, updated_by, updated_date) VALUES (7, 1, 1, 7, '2022-12-10 17:29:30.828', 7, '2022-12-10 17:29:30.828')
2022-12-10 17:32:51 [index.js] info: INSERT INTO [order] (user_id, status, order_staus, created_by, created_date, updated_by, updated_date) VALUES (7, 1, 1, 7, '2022-12-10 17:32:51.169', 7, '2022-12-10 17:32:51.169')
2022-12-10 17:34:32 [index.js] info: INSERT INTO [order] (user_id, status, order_staus, created_by, created_date, updated_by, updated_date) VALUES (7, 1, 1, 7, '2022-12-10 17:34:32.899', 7, '2022-12-10 17:34:32.899')
2022-12-10 17:38:19 [index.js] info: INSERT INTO [order] (user_id, status, order_staus, created_by, created_date, updated_by, updated_date) OUTPUT INSERTED.* VALUES (7, 1, 1, 7, '2022-12-10 17:38:19.637', 7, '2022-12-10 17:38:19.637')
2022-12-10 17:39:16 [index.js] info: INSERT INTO [order] (user_id, status, order_staus, created_by, created_date, updated_by, updated_date) OUTPUT INSERTED.* VALUES (7, 1, 1, 7, '2022-12-10 17:39:16.394', 7, '2022-12-10 17:39:16.394')
2022-12-10 17:39:45 [index.js] info: INSERT INTO [order] (user_id, status, order_staus, created_by, created_date, updated_by, updated_date) OUTPUT INSERTED.* VALUES (7, 1, 1, 7, '2022-12-10 17:39:45.795', 7, '2022-12-10 17:39:45.795')
2022-12-10 18:56:41 [index.js] info: INSERT INTO [order] (user_id, status, order_staus, created_by, created_date, updated_by, updated_date) OUTPUT INSERTED.* VALUES (7, 1, 1, 7, '2022-12-10 18:56:40.964', 7, '2022-12-10 18:56:40.964')
2022-12-10 18:59:27 [index.js] info: INSERT INTO [order] (user_id, status, order_staus, created_by, created_date, updated_by, updated_date) OUTPUT INSERTED.* VALUES (7, 1, 1, 7, '2022-12-10 18:59:27.000', 7, '2022-12-10 18:59:27.000')
2022-12-10 19:00:12 [index.js] info: INSERT INTO [order] (user_id, status, order_staus, created_by, created_date, updated_by, updated_date) OUTPUT INSERTED.* VALUES (7, 1, 1, 7, '2022-12-10 19:00:12.525', 7, '2022-12-10 19:00:12.525')
2022-12-10 19:37:08 [index.js] info: SELECT TOP (1) * FROM [order] WHERE (user_id = 7 AND id = 4) ORDER BY created_date DESC
2022-12-10 19:38:44 [index.js] info: SELECT TOP (1) * FROM [order] WHERE (user_id = 7 AND id = 4) ORDER BY created_date DESC
2022-12-10 19:42:42 [index.js] info: SELECT TOP (1) * FROM [order] WHERE (user_id = 7 AND id = 4) ORDER BY created_date DESC
2022-12-10 19:42:42 [index.js] info: SELECT TOP (1) * FROM [order_status] WHERE (status_id = undefined)
2022-12-10 19:43:34 [index.js] info: SELECT TOP (1) * FROM [order] WHERE (user_id = 7 AND id = 4) ORDER BY created_date DESC
2022-12-10 19:43:34 [index.js] info: SELECT TOP (1) * FROM [order_status] WHERE (status_id = 1)
2022-12-10 19:46:51 [index.js] info: SELECT TOP (1) * FROM [order] WHERE (user_id = 7 AND id = 4) ORDER BY created_date DESC
2022-12-10 19:46:51 [index.js] info: SELECT TOP (1) * FROM [order_status] WHERE (status_id = 1)
2022-12-10 19:48:25 [index.js] info: SELECT TOP (1) * FROM [order] WHERE (user_id = 7 AND id = 4) ORDER BY created_date DESC
2022-12-10 19:48:25 [index.js] info: SELECT TOP (1) * FROM [order_status] WHERE (status_id = 1)
2022-12-10 19:50:57 [index.js] info: SELECT TOP (1) * FROM [order] WHERE (user_id = 7 AND id = 4) ORDER BY created_date DESC
2022-12-10 19:50:57 [index.js] info: SELECT TOP (1) * FROM [order_status] WHERE (status_id = 1)
2022-12-10 19:51:31 [index.js] info: SELECT TOP (1) * FROM [order] WHERE (user_id = 7 AND id = 4) ORDER BY created_date DESC
2022-12-10 19:51:31 [index.js] info: SELECT TOP (1) * FROM [order_status] WHERE (status_id = 1)
2022-12-10 19:52:49 [index.js] info: SELECT TOP (1) * FROM [order] WHERE (user_id = 7 AND id = 4) ORDER BY created_date DESC
2022-12-10 19:52:49 [index.js] info: SELECT TOP (1) * FROM [order_status] WHERE (status_id = 1)
2022-12-10 19:52:49 [index.js] info: SELECT prodDetail.name, orderDetail.count FROM [order_detail] orderDetail LEFT JOIN [product_detail] prodDetail ON (orderDetail.product_id = prodDetail.product_id) WHERE (order_id =4) GROUP BY prodDetail.product_id
2022-12-10 19:57:57 [index.js] info: SELECT TOP (1) * FROM [order] WHERE (user_id = 7 AND id = 4) ORDER BY created_date DESC
2022-12-10 19:57:57 [index.js] info: SELECT TOP (1) * FROM [order_status] WHERE (status_id = 1)
2022-12-10 19:57:57 [index.js] info: SELECT t1.count FROM [order_detail] t1 LEFT JOIN [product_detail] t2 ON (t1.product_id = t2.product_id) WHERE (t1.order_id =4) GROUP BY t1.product_id
2022-12-10 20:00:49 [index.js] info: SELECT TOP (1) * FROM [order] WHERE (user_id = 7 AND id = 4) ORDER BY created_date DESC
2022-12-10 20:00:49 [index.js] info: SELECT TOP (1) * FROM [order_status] WHERE (status_id = 1)
2022-12-10 20:00:49 [index.js] info: SELECT order_detail.count FROM [order_detail] LEFT JOIN [product_detail] ON (order_detail.product_id = product_detail.product_id) WHERE (order_detail.order_id =4)
2022-12-10 20:03:17 [index.js] info: SELECT TOP (1) * FROM [order] WHERE (user_id = 7 AND id = 13) ORDER BY created_date DESC
2022-12-10 20:03:17 [index.js] info: SELECT TOP (1) * FROM [order_status] WHERE (status_id = 1)
2022-12-10 20:03:17 [index.js] info: SELECT order_detail.count, product_detail.name FROM [order_detail] LEFT JOIN [product_detail] ON (order_detail.product_id = product_detail.product_id) WHERE (order_detail.order_id =13)
2022-12-10 20:04:34 [index.js] info: SELECT TOP (1) * FROM [order] WHERE (user_id = 7 AND id = 13) ORDER BY created_date DESC
2022-12-10 20:04:34 [index.js] info: SELECT TOP (1) * FROM [order_status] WHERE (status_id = 1)
2022-12-10 20:04:34 [index.js] info: SELECT product_detail.name, order_detail.count FROM [order_detail] LEFT JOIN [product_detail] ON (order_detail.product_id = product_detail.product_id) WHERE (order_detail.order_id =13)
2022-12-10 20:09:34 [index.js] info: SELECT TOP (1) * FROM [order] WHERE (user_id = 7 AND id = 13) ORDER BY created_date DESC
2022-12-10 20:09:34 [index.js] info: SELECT TOP (1) * FROM [order_status] WHERE (status_id = 1)
2022-12-10 20:09:34 [index.js] info: SELECT product_detail.name, order_detail.count FROM [order_detail] LEFT JOIN [product_detail] ON (order_detail.product_id = product_detail.product_id) WHERE (order_detail.order_id =13)
2022-12-10 20:10:47 [index.js] info: SELECT TOP (1) * FROM [order] WHERE (user_id = 7 AND id = 13) ORDER BY created_date DESC
2022-12-10 20:10:47 [index.js] info: SELECT TOP (1) * FROM [order_status] WHERE (status_id = 1)
2022-12-10 20:10:47 [index.js] info: SELECT product_detail.product_id, product_detail.name, order_detail.count FROM [order_detail] LEFT JOIN [product_detail] ON (order_detail.product_id = product_detail.product_id) WHERE (order_detail.order_id =13)
2022-12-10 20:11:34 [index.js] info: SELECT TOP (1) * FROM [order] WHERE (user_id = 7 AND id = 13) ORDER BY created_date DESC
2022-12-10 20:11:35 [index.js] info: SELECT TOP (1) * FROM [order_status] WHERE (status_id = 1)
2022-12-10 20:11:35 [index.js] info: SELECT product_detail.product_id, product_detail.name, order_detail.count FROM [order_detail] LEFT JOIN [product_detail] ON (order_detail.product_id = product_detail.product_id) WHERE (order_detail.order_id =13)
2022-12-10 20:12:39 [index.js] info: SELECT TOP (1) * FROM [order] WHERE (user_id = 7 AND id = 13) ORDER BY created_date DESC
2022-12-10 20:12:39 [index.js] info: SELECT TOP (1) * FROM [order_status] WHERE (status_id = 1)
2022-12-10 20:12:39 [index.js] info: SELECT product_detail.product_id, product_detail.name, order_detail.count FROM [order_detail] LEFT JOIN [product_detail] ON (order_detail.product_id = product_detail.product_id) WHERE (order_detail.order_id =13)
2022-12-10 20:13:33 [index.js] info: SELECT TOP (1) * FROM [order] WHERE (user_id = 7 AND id = 13) ORDER BY created_date DESC
2022-12-10 20:13:33 [index.js] info: SELECT TOP (1) * FROM [order_status] WHERE (status_id = 1)
2022-12-10 20:13:33 [index.js] info: SELECT product_detail.product_id, product_detail.name, order_detail.count FROM [order_detail] LEFT JOIN [product_detail] ON (order_detail.product_id = product_detail.product_id) WHERE (order_detail.order_id =13)
2022-12-10 20:18:50 [index.js] info: SELECT TOP (1) * FROM [order] WHERE (user_id = 7 AND id = 13) ORDER BY created_date DESC
2022-12-10 20:18:50 [index.js] info: SELECT TOP (1) * FROM [order_status] WHERE (status_id = 1)
2022-12-10 20:18:50 [index.js] info: SELECT product_detail.product_id, product_detail.name, order_detail.count FROM [order_detail] LEFT JOIN [product_detail] ON (order_detail.product_id = product_detail.product_id) WHERE (order_detail.order_id =13)
2022-12-10 20:21:02 [index.js] info: SELECT TOP (1) * FROM [order] WHERE (user_id = 7 AND id = 13) ORDER BY created_date DESC
2022-12-10 20:21:02 [index.js] info: SELECT TOP (1) * FROM [order_status] WHERE (status_id = 1)
2022-12-10 20:21:02 [index.js] info: SELECT product_detail.product_id, product_detail.name, order_detail.count FROM [order_detail] LEFT JOIN [product_detail] ON (order_detail.product_id = product_detail.product_id) WHERE (order_detail.order_id =13)
2022-12-10 20:22:02 [index.js] info: SELECT TOP (1) * FROM [order] WHERE (user_id = 7 AND id = 13) ORDER BY created_date DESC
2022-12-10 20:22:02 [index.js] info: SELECT TOP (1) * FROM [order_status] WHERE (status_id = 1)
2022-12-10 20:22:02 [index.js] info: SELECT product_detail.product_id, product_detail.name, order_detail.count FROM [order_detail] LEFT JOIN [product_detail] ON (order_detail.product_id = product_detail.product_id) WHERE (order_detail.order_id =13)
2022-12-10 20:23:10 [index.js] info: SELECT TOP (1) * FROM [order] WHERE (user_id = 7 AND id = 13) ORDER BY created_date DESC
2022-12-10 20:23:10 [index.js] info: SELECT TOP (1) * FROM [order_status] WHERE (status_id = 1)
2022-12-10 20:23:10 [index.js] info: SELECT product_detail.product_id, product_detail.name, order_detail.count FROM [order_detail] LEFT JOIN [product_detail] ON (order_detail.product_id = product_detail.product_id) WHERE (order_detail.order_id =13)
2022-12-10 20:33:12 [index.js] info: SELECT * FROM [order] WHERE (user_id = 7) ORDER BY created_date DESC
